<?xml version="1.0" encoding="UTF-8"?>
<testng-results skipped="0" failed="0" total="2" passed="2">
  <reporter-output>
  </reporter-output>
  <suite name="testcases.TestNumberOne" duration-ms="24212" started-at="2022-05-15T02:04:41Z" finished-at="2022-05-15T02:05:06Z">
    <groups>
    </groups>
    <test name="Command line test" duration-ms="24212" started-at="2022-05-15T02:04:41Z" finished-at="2022-05-15T02:05:06Z">
      <class name="testcases.TestNumberOne">
        <test-method status="PASS" signature="browserlauncher()[pri:0, instance:testcases.TestNumberOne@34ce8af7]" name="browserlauncher" is-config="true" duration-ms="5664" started-at="2022-05-14T22:04:41Z" finished-at="2022-05-14T22:04:47Z">
          <reporter-output>
          </reporter-output>
        </test-method> <!-- browserlauncher -->
        <test-method status="PASS" signature="navigate_to_homepage_click_on_getstarted()[pri:0, instance:testcases.TestNumberOne@34ce8af7]" name="navigate_to_homepage_click_on_getstarted" duration-ms="5999" started-at="2022-05-14T22:04:47Z" finished-at="2022-05-14T22:04:53Z">
          <reporter-output>
          </reporter-output>
        </test-method> <!-- navigate_to_homepage_click_on_getstarted -->
        <test-method status="PASS" signature="enter_userDetails()[pri:0, instance:testcases.TestNumberOne@34ce8af7]" name="enter_userDetails" duration-ms="10472" started-at="2022-05-14T22:04:53Z" finished-at="2022-05-14T22:05:03Z">
          <reporter-output>
          </reporter-output>
        </test-method> <!-- enter_userDetails -->
        <test-method status="PASS" signature="closeBrowser()[pri:0, instance:testcases.TestNumberOne@34ce8af7]" name="closeBrowser" is-config="true" duration-ms="2070" started-at="2022-05-14T22:05:03Z" finished-at="2022-05-14T22:05:06Z">
          <reporter-output>
          </reporter-output>
        </test-method> <!-- closeBrowser -->
      </class> <!-- testcases.TestNumberOne -->
    </test> <!-- Command line test -->
  </suite> <!-- testcases.TestNumberOne -->
</testng-results>
