<?xml version="1.0" encoding="UTF-8" ?>
<testsuite tests="2" failures="1" name="testcases.TestNumberOne" time="5.175" errors="0" skipped="0">
  <properties>
[...]
</properties>
  <testcase classname="testcases.TestNumberOne" name="navigate_to_homepage_click_on_getstarted" time="5.15"/>
  <testcase classname="testcases.TestNumberOne" name="enter_userDetails" time="0.025">
    <failure message="expected [App &amp; Browser Testing Made Easy] but found [Create a FREE Account]" type="java.lang.AssertionError">java.lang.AssertionError: expected [App &amp; Browser Testing Made Easy] but found [Create a FREE Account]
	at org.testng.Assert.fail(Assert.java:94)
	at org.testng.Assert.failNotEquals(Assert.java:494)
	at org.testng.Assert.assertEquals(Assert.java:123)
	at org.testng.Assert.assertEquals(Assert.java:176)
	at org.testng.Assert.assertEquals(Assert.java:186)
	at pages.SignUpPage.veryHeader(SignUpPage.java:57)
	at testcases.TestNumberOne.enter_userDetails(TestNumberOne.java:41)
</failure>
  </testcase>
</testsuite>