<?xml version="1.0" encoding="UTF-8"?>
<testng-results skipped="0" failed="0" total="2" passed="2">
  <reporter-output>
  </reporter-output>
  <suite name="Default suite" duration-ms="38222" started-at="2022-05-05T19:04:53Z" finished-at="2022-05-05T19:05:31Z">
    <groups>
    </groups>
    <test name="Default test" duration-ms="38222" started-at="2022-05-05T19:04:53Z" finished-at="2022-05-05T19:05:31Z">
      <class name="testcases.TestNumberOne">
        <test-method status="PASS" signature="browserlauncher()[pri:0, instance:testcases.TestNumberOne@51c8530f]" name="browserlauncher" is-config="true" duration-ms="20175" started-at="2022-05-05T15:04:53Z" finished-at="2022-05-05T15:05:13Z">
          <reporter-output>
          </reporter-output>
        </test-method> <!-- browserlauncher -->
        <test-method status="PASS" signature="navigate_to_homepage_click_on_getstarted()[pri:0, instance:testcases.TestNumberOne@51c8530f]" name="navigate_to_homepage_click_on_getstarted" duration-ms="4782" started-at="2022-05-05T15:05:13Z" finished-at="2022-05-05T15:05:18Z">
          <reporter-output>
          </reporter-output>
        </test-method> <!-- navigate_to_homepage_click_on_getstarted -->
        <test-method status="PASS" signature="enter_userDetails()[pri:0, instance:testcases.TestNumberOne@51c8530f]" name="enter_userDetails" duration-ms="10724" started-at="2022-05-05T15:05:18Z" finished-at="2022-05-05T15:05:29Z">
          <reporter-output>
          </reporter-output>
        </test-method> <!-- enter_userDetails -->
        <test-method status="PASS" signature="closeBrowser()[pri:0, instance:testcases.TestNumberOne@51c8530f]" name="closeBrowser" is-config="true" duration-ms="2358" started-at="2022-05-05T15:05:29Z" finished-at="2022-05-05T15:05:31Z">
          <reporter-output>
          </reporter-output>
        </test-method> <!-- closeBrowser -->
      </class> <!-- testcases.TestNumberOne -->
    </test> <!-- Default test -->
  </suite> <!-- Default suite -->
</testng-results>
