<?xml version="1.0" encoding="UTF-8"?>
<!-- Generated by org.testng.reporters.JUnitXMLReporter -->
<testsuite hostname="DESKTOP-7ISONQV" name="Command line test" tests="2" failures="1" timestamp="15 May 2022 01:24:43 GMT" time="32.025" errors="0">
  <testcase name="navigate_to_homepage_click_on_getstarted" time="5.147" classname="testcases.TestNumberOne"/>
  <testcase name="enter_userDetails" time="0.027" classname="testcases.TestNumberOne">
    <failure type="java.lang.AssertionError" message="expected [App &amp;amp; Browser Testing Made Easy] but found [Create a FREE Account]">
      <![CDATA[java.lang.AssertionError: expected [App & Browser Testing Made Easy] but found [Create a FREE Account]
	at pages.SignUpPage.veryHeader(SignUpPage.java:57)
	at testcases.TestNumberOne.enter_userDetails(TestNumberOne.java:41)
... Removed 38 stack frames]]>
    </failure>
  </testcase> <!-- enter_userDetails -->
</testsuite> <!-- Command line test -->
